[2021-12-01 16:42:48,734] {taskinstance.py:1035} INFO - Dependencies all met for <TaskInstance: FrequencyCount.init manual__2021-12-01T15:00:12.054797+00:00 [queued]>
[2021-12-01 16:42:48,756] {taskinstance.py:1035} INFO - Dependencies all met for <TaskInstance: FrequencyCount.init manual__2021-12-01T15:00:12.054797+00:00 [queued]>
[2021-12-01 16:42:48,757] {taskinstance.py:1241} INFO - 
--------------------------------------------------------------------------------
[2021-12-01 16:42:48,757] {taskinstance.py:1242} INFO - Starting attempt 2 of 3
[2021-12-01 16:42:48,757] {taskinstance.py:1243} INFO - 
--------------------------------------------------------------------------------
[2021-12-01 16:42:48,774] {taskinstance.py:1262} INFO - Executing <Task(InitOperator): init> on 2021-12-01 15:00:12.054797+00:00
[2021-12-01 16:42:48,782] {standard_task_runner.py:52} INFO - Started process 4688 to run task
[2021-12-01 16:42:48,788] {standard_task_runner.py:76} INFO - Running: ['***', 'tasks', 'run', 'FrequencyCount', 'init', 'manual__2021-12-01T15:00:12.054797+00:00', '--job-id', '51', '--raw', '--subdir', 'DAGS_FOLDER/mapred.py', '--cfg-path', '/tmp/tmpxxkyx0iv', '--error-file', '/tmp/tmpm88fhz0g']
[2021-12-01 16:42:48,788] {standard_task_runner.py:77} INFO - Job 51: Subtask init
[2021-12-01 16:42:48,833] {logging_mixin.py:109} INFO - Running <TaskInstance: FrequencyCount.init manual__2021-12-01T15:00:12.054797+00:00 [running]> on host d1ea91dc5f74
[2021-12-01 16:42:48,909] {taskinstance.py:1429} INFO - Exporting the following env vars:
AIRFLOW_CTX_DAG_OWNER=***
AIRFLOW_CTX_DAG_ID=FrequencyCount
AIRFLOW_CTX_TASK_ID=init
AIRFLOW_CTX_EXECUTION_DATE=2021-12-01T15:00:12.054797+00:00
AIRFLOW_CTX_DAG_RUN_ID=manual__2021-12-01T15:00:12.054797+00:00
[2021-12-01 16:42:48,932] {logging_mixin.py:109} INFO - Directory b'***-worker.pid\n***.cfg\ndags\nlogs\nplugins\nwebserver_config.py\n'
[2021-12-01 16:42:50,839] {taskinstance.py:1280} INFO - Marking task as SUCCESS. dag_id=FrequencyCount, task_id=init, execution_date=20211201T150012, start_date=20211201T164248, end_date=20211201T164250
[2021-12-01 16:42:50,885] {local_task_job.py:154} INFO - Task exited with return code 0
[2021-12-01 16:42:50,945] {local_task_job.py:264} INFO - 0 downstream tasks scheduled from follow-on schedule check
