[2021-12-01 16:45:34,910] {taskinstance.py:1035} INFO - Dependencies all met for <TaskInstance: FrequencyCount.init manual__2021-12-01T15:00:12.054797+00:00 [queued]>
[2021-12-01 16:45:34,919] {taskinstance.py:1035} INFO - Dependencies all met for <TaskInstance: FrequencyCount.init manual__2021-12-01T15:00:12.054797+00:00 [queued]>
[2021-12-01 16:45:34,919] {taskinstance.py:1241} INFO - 
--------------------------------------------------------------------------------
[2021-12-01 16:45:34,919] {taskinstance.py:1242} INFO - Starting attempt 3 of 4
[2021-12-01 16:45:34,919] {taskinstance.py:1243} INFO - 
--------------------------------------------------------------------------------
[2021-12-01 16:45:34,931] {taskinstance.py:1262} INFO - Executing <Task(InitOperator): init> on 2021-12-01 15:00:12.054797+00:00
[2021-12-01 16:45:34,937] {standard_task_runner.py:52} INFO - Started process 85 to run task
[2021-12-01 16:45:34,940] {standard_task_runner.py:76} INFO - Running: ['***', 'tasks', 'run', 'FrequencyCount', 'init', 'manual__2021-12-01T15:00:12.054797+00:00', '--job-id', '55', '--raw', '--subdir', 'DAGS_FOLDER/mapred.py', '--cfg-path', '/tmp/tmp50bmh9fr', '--error-file', '/tmp/tmp_k7j6nll']
[2021-12-01 16:45:34,941] {standard_task_runner.py:77} INFO - Job 55: Subtask init
[2021-12-01 16:45:34,973] {logging_mixin.py:109} INFO - Running <TaskInstance: FrequencyCount.init manual__2021-12-01T15:00:12.054797+00:00 [running]> on host 60ba21408f08
[2021-12-01 16:45:35,019] {taskinstance.py:1429} INFO - Exporting the following env vars:
AIRFLOW_CTX_DAG_OWNER=***
AIRFLOW_CTX_DAG_ID=FrequencyCount
AIRFLOW_CTX_TASK_ID=init
AIRFLOW_CTX_EXECUTION_DATE=2021-12-01T15:00:12.054797+00:00
AIRFLOW_CTX_DAG_RUN_ID=manual__2021-12-01T15:00:12.054797+00:00
[2021-12-01 16:45:35,054] {logging_mixin.py:109} INFO - 0 19335
[2021-12-01 16:45:35,631] {logging_mixin.py:109} INFO - 19335 38670
[2021-12-01 16:45:36,252] {logging_mixin.py:109} INFO - 38670 58006
[2021-12-01 16:45:37,032] {logging_mixin.py:109} INFO - Finished init
[2021-12-01 16:45:37,046] {taskinstance.py:1280} INFO - Marking task as SUCCESS. dag_id=FrequencyCount, task_id=init, execution_date=20211201T150012, start_date=20211201T164534, end_date=20211201T164537
[2021-12-01 16:45:37,078] {local_task_job.py:154} INFO - Task exited with return code 0
[2021-12-01 16:45:37,141] {local_task_job.py:264} INFO - 0 downstream tasks scheduled from follow-on schedule check
