[2021-12-01 16:47:44,288] {taskinstance.py:1035} INFO - Dependencies all met for <TaskInstance: FrequencyCount.map1 manual__2021-12-01T15:00:12.054797+00:00 [queued]>
[2021-12-01 16:47:44,300] {taskinstance.py:1035} INFO - Dependencies all met for <TaskInstance: FrequencyCount.map1 manual__2021-12-01T15:00:12.054797+00:00 [queued]>
[2021-12-01 16:47:44,300] {taskinstance.py:1241} INFO - 
--------------------------------------------------------------------------------
[2021-12-01 16:47:44,300] {taskinstance.py:1242} INFO - Starting attempt 1 of 2
[2021-12-01 16:47:44,300] {taskinstance.py:1243} INFO - 
--------------------------------------------------------------------------------
[2021-12-01 16:47:44,312] {taskinstance.py:1262} INFO - Executing <Task(MapOperator): map1> on 2021-12-01 15:00:12.054797+00:00
[2021-12-01 16:47:44,318] {standard_task_runner.py:52} INFO - Started process 74 to run task
[2021-12-01 16:47:44,320] {standard_task_runner.py:76} INFO - Running: ['***', 'tasks', 'run', 'FrequencyCount', 'map1', 'manual__2021-12-01T15:00:12.054797+00:00', '--job-id', '64', '--raw', '--subdir', 'DAGS_FOLDER/mapred.py', '--cfg-path', '/tmp/tmphvujgmp3', '--error-file', '/tmp/tmp7id43nxb']
[2021-12-01 16:47:44,321] {standard_task_runner.py:77} INFO - Job 64: Subtask map1
[2021-12-01 16:47:44,359] {logging_mixin.py:109} INFO - Running <TaskInstance: FrequencyCount.map1 manual__2021-12-01T15:00:12.054797+00:00 [running]> on host 1da30e33d42e
[2021-12-01 16:47:44,439] {taskinstance.py:1429} INFO - Exporting the following env vars:
AIRFLOW_CTX_DAG_OWNER=***
AIRFLOW_CTX_DAG_ID=FrequencyCount
AIRFLOW_CTX_TASK_ID=map1
AIRFLOW_CTX_EXECUTION_DATE=2021-12-01T15:00:12.054797+00:00
AIRFLOW_CTX_DAG_RUN_ID=manual__2021-12-01T15:00:12.054797+00:00
[2021-12-01 16:47:44,664] {taskinstance.py:1280} INFO - Marking task as SUCCESS. dag_id=FrequencyCount, task_id=map1, execution_date=20211201T150012, start_date=20211201T164744, end_date=20211201T164744
[2021-12-01 16:47:44,694] {local_task_job.py:154} INFO - Task exited with return code 0
[2021-12-01 16:47:44,737] {local_task_job.py:264} INFO - 1 downstream tasks scheduled from follow-on schedule check
