[2021-12-01 21:54:30,721] {taskinstance.py:1035} INFO - Dependencies all met for <TaskInstance: my_sample_dag.run_this_last manual__2021-12-01T21:54:28.677643+00:00 [queued]>
[2021-12-01 21:54:30,732] {taskinstance.py:1035} INFO - Dependencies all met for <TaskInstance: my_sample_dag.run_this_last manual__2021-12-01T21:54:28.677643+00:00 [queued]>
[2021-12-01 21:54:30,733] {taskinstance.py:1241} INFO - 
--------------------------------------------------------------------------------
[2021-12-01 21:54:30,733] {taskinstance.py:1242} INFO - Starting attempt 1 of 1
[2021-12-01 21:54:30,733] {taskinstance.py:1243} INFO - 
--------------------------------------------------------------------------------
[2021-12-01 21:54:30,744] {taskinstance.py:1262} INFO - Executing <Task(PythonOperator): run_this_last> on 2021-12-01 21:54:28.677643+00:00
[2021-12-01 21:54:30,749] {standard_task_runner.py:52} INFO - Started process 101 to run task
[2021-12-01 21:54:30,751] {standard_task_runner.py:76} INFO - Running: ['***', 'tasks', 'run', 'my_sample_dag', 'run_this_last', 'manual__2021-12-01T21:54:28.677643+00:00', '--job-id', '87', '--raw', '--subdir', 'DAGS_FOLDER/test_dag.py', '--cfg-path', '/tmp/tmp9nwoiwbg', '--error-file', '/tmp/tmpchmybhko']
[2021-12-01 21:54:30,751] {standard_task_runner.py:77} INFO - Job 87: Subtask run_this_last
[2021-12-01 21:54:30,789] {logging_mixin.py:109} INFO - Running <TaskInstance: my_sample_dag.run_this_last manual__2021-12-01T21:54:28.677643+00:00 [running]> on host 2227579f6dd3
[2021-12-01 21:54:30,832] {taskinstance.py:1429} INFO - Exporting the following env vars:
AIRFLOW_CTX_DAG_OWNER=pipis
AIRFLOW_CTX_DAG_ID=my_sample_dag
AIRFLOW_CTX_TASK_ID=run_this_last
AIRFLOW_CTX_EXECUTION_DATE=2021-12-01T21:54:28.677643+00:00
AIRFLOW_CTX_DAG_RUN_ID=manual__2021-12-01T21:54:28.677643+00:00
[2021-12-01 21:54:30,833] {logging_mixin.py:109} INFO - I am coming last
[2021-12-01 21:54:30,833] {python.py:152} INFO - Done. Returned value was: None
[2021-12-01 21:54:30,843] {taskinstance.py:1280} INFO - Marking task as SUCCESS. dag_id=my_sample_dag, task_id=run_this_last, execution_date=20211201T215428, start_date=20211201T215430, end_date=20211201T215430
[2021-12-01 21:54:30,884] {local_task_job.py:154} INFO - Task exited with return code 0
[2021-12-01 21:54:30,918] {local_task_job.py:264} INFO - 0 downstream tasks scheduled from follow-on schedule check
