[2021-12-01 16:47:44,290] {taskinstance.py:1035} INFO - Dependencies all met for <TaskInstance: FrequencyCount.map1 manual__2021-12-01T16:45:33.951777+00:00 [queued]>
[2021-12-01 16:47:44,303] {taskinstance.py:1035} INFO - Dependencies all met for <TaskInstance: FrequencyCount.map1 manual__2021-12-01T16:45:33.951777+00:00 [queued]>
[2021-12-01 16:47:44,303] {taskinstance.py:1241} INFO - 
--------------------------------------------------------------------------------
[2021-12-01 16:47:44,303] {taskinstance.py:1242} INFO - Starting attempt 1 of 2
[2021-12-01 16:47:44,303] {taskinstance.py:1243} INFO - 
--------------------------------------------------------------------------------
[2021-12-01 16:47:44,315] {taskinstance.py:1262} INFO - Executing <Task(MapOperator): map1> on 2021-12-01 16:45:33.951777+00:00
[2021-12-01 16:47:44,322] {standard_task_runner.py:52} INFO - Started process 76 to run task
[2021-12-01 16:47:44,324] {standard_task_runner.py:76} INFO - Running: ['***', 'tasks', 'run', 'FrequencyCount', 'map1', 'manual__2021-12-01T16:45:33.951777+00:00', '--job-id', '63', '--raw', '--subdir', 'DAGS_FOLDER/mapred.py', '--cfg-path', '/tmp/tmpvgvu15_n', '--error-file', '/tmp/tmpj_dg1x_v']
[2021-12-01 16:47:44,324] {standard_task_runner.py:77} INFO - Job 63: Subtask map1
[2021-12-01 16:47:44,362] {logging_mixin.py:109} INFO - Running <TaskInstance: FrequencyCount.map1 manual__2021-12-01T16:45:33.951777+00:00 [running]> on host 1da30e33d42e
[2021-12-01 16:47:44,441] {taskinstance.py:1429} INFO - Exporting the following env vars:
AIRFLOW_CTX_DAG_OWNER=***
AIRFLOW_CTX_DAG_ID=FrequencyCount
AIRFLOW_CTX_TASK_ID=map1
AIRFLOW_CTX_EXECUTION_DATE=2021-12-01T16:45:33.951777+00:00
AIRFLOW_CTX_DAG_RUN_ID=manual__2021-12-01T16:45:33.951777+00:00
[2021-12-01 16:47:44,694] {taskinstance.py:1280} INFO - Marking task as SUCCESS. dag_id=FrequencyCount, task_id=map1, execution_date=20211201T164533, start_date=20211201T164744, end_date=20211201T164744
[2021-12-01 16:47:44,737] {local_task_job.py:154} INFO - Task exited with return code 0
[2021-12-01 16:47:44,770] {local_task_job.py:264} INFO - 1 downstream tasks scheduled from follow-on schedule check
