[2021-12-01 11:23:27,234] {taskinstance.py:1035} INFO - Dependencies all met for <TaskInstance: my_sample_dag.run_this_last manual__2021-12-01T11:23:25.166780+00:00 [queued]>
[2021-12-01 11:23:27,245] {taskinstance.py:1035} INFO - Dependencies all met for <TaskInstance: my_sample_dag.run_this_last manual__2021-12-01T11:23:25.166780+00:00 [queued]>
[2021-12-01 11:23:27,245] {taskinstance.py:1241} INFO - 
--------------------------------------------------------------------------------
[2021-12-01 11:23:27,246] {taskinstance.py:1242} INFO - Starting attempt 1 of 1
[2021-12-01 11:23:27,246] {taskinstance.py:1243} INFO - 
--------------------------------------------------------------------------------
[2021-12-01 11:23:27,260] {taskinstance.py:1262} INFO - Executing <Task(PythonOperator): run_this_last> on 2021-12-01 11:23:25.166780+00:00
[2021-12-01 11:23:27,266] {standard_task_runner.py:52} INFO - Started process 256 to run task
[2021-12-01 11:23:27,268] {standard_task_runner.py:76} INFO - Running: ['***', 'tasks', 'run', 'my_sample_dag', 'run_this_last', 'manual__2021-12-01T11:23:25.166780+00:00', '--job-id', '14', '--raw', '--subdir', 'DAGS_FOLDER/test_dag.py', '--cfg-path', '/tmp/tmplayfg390', '--error-file', '/tmp/tmp7xhss1vm']
[2021-12-01 11:23:27,268] {standard_task_runner.py:77} INFO - Job 14: Subtask run_this_last
[2021-12-01 11:23:27,308] {logging_mixin.py:109} INFO - Running <TaskInstance: my_sample_dag.run_this_last manual__2021-12-01T11:23:25.166780+00:00 [running]> on host e0158a46c8db
[2021-12-01 11:23:27,354] {taskinstance.py:1429} INFO - Exporting the following env vars:
AIRFLOW_CTX_DAG_OWNER=pipis
AIRFLOW_CTX_DAG_ID=my_sample_dag
AIRFLOW_CTX_TASK_ID=run_this_last
AIRFLOW_CTX_EXECUTION_DATE=2021-12-01T11:23:25.166780+00:00
AIRFLOW_CTX_DAG_RUN_ID=manual__2021-12-01T11:23:25.166780+00:00
[2021-12-01 11:23:27,355] {logging_mixin.py:109} INFO - I am coming last
[2021-12-01 11:23:27,355] {python.py:152} INFO - Done. Returned value was: None
[2021-12-01 11:23:27,366] {taskinstance.py:1280} INFO - Marking task as SUCCESS. dag_id=my_sample_dag, task_id=run_this_last, execution_date=20211201T112325, start_date=20211201T112327, end_date=20211201T112327
[2021-12-01 11:23:27,401] {local_task_job.py:154} INFO - Task exited with return code 0
[2021-12-01 11:23:27,439] {local_task_job.py:264} INFO - 0 downstream tasks scheduled from follow-on schedule check
