[2021-12-01 16:49:15,514] {taskinstance.py:1035} INFO - Dependencies all met for <TaskInstance: FrequencyCount.init manual__2021-12-01T16:49:14.737488+00:00 [queued]>
[2021-12-01 16:49:15,525] {taskinstance.py:1035} INFO - Dependencies all met for <TaskInstance: FrequencyCount.init manual__2021-12-01T16:49:14.737488+00:00 [queued]>
[2021-12-01 16:49:15,525] {taskinstance.py:1241} INFO - 
--------------------------------------------------------------------------------
[2021-12-01 16:49:15,525] {taskinstance.py:1242} INFO - Starting attempt 1 of 2
[2021-12-01 16:49:15,525] {taskinstance.py:1243} INFO - 
--------------------------------------------------------------------------------
[2021-12-01 16:49:15,535] {taskinstance.py:1262} INFO - Executing <Task(InitOperator): init> on 2021-12-01 16:49:14.737488+00:00
[2021-12-01 16:49:15,541] {standard_task_runner.py:52} INFO - Started process 151 to run task
[2021-12-01 16:49:15,544] {standard_task_runner.py:76} INFO - Running: ['***', 'tasks', 'run', 'FrequencyCount', 'init', 'manual__2021-12-01T16:49:14.737488+00:00', '--job-id', '71', '--raw', '--subdir', 'DAGS_FOLDER/mapred.py', '--cfg-path', '/tmp/tmpqkjepbgx', '--error-file', '/tmp/tmpbfu_01s_']
[2021-12-01 16:49:15,544] {standard_task_runner.py:77} INFO - Job 71: Subtask init
[2021-12-01 16:49:15,576] {logging_mixin.py:109} INFO - Running <TaskInstance: FrequencyCount.init manual__2021-12-01T16:49:14.737488+00:00 [running]> on host 1da30e33d42e
[2021-12-01 16:49:15,622] {taskinstance.py:1429} INFO - Exporting the following env vars:
AIRFLOW_CTX_DAG_OWNER=***
AIRFLOW_CTX_DAG_ID=FrequencyCount
AIRFLOW_CTX_TASK_ID=init
AIRFLOW_CTX_EXECUTION_DATE=2021-12-01T16:49:14.737488+00:00
AIRFLOW_CTX_DAG_RUN_ID=manual__2021-12-01T16:49:14.737488+00:00
[2021-12-01 16:49:15,659] {logging_mixin.py:109} INFO - 0 19335
[2021-12-01 16:49:16,256] {logging_mixin.py:109} INFO - 19335 38670
[2021-12-01 16:49:16,898] {logging_mixin.py:109} INFO - 38670 58006
[2021-12-01 16:49:17,496] {logging_mixin.py:109} INFO - Finished init
[2021-12-01 16:49:17,509] {taskinstance.py:1280} INFO - Marking task as SUCCESS. dag_id=FrequencyCount, task_id=init, execution_date=20211201T164914, start_date=20211201T164915, end_date=20211201T164917
[2021-12-01 16:49:17,563] {local_task_job.py:154} INFO - Task exited with return code 0
[2021-12-01 16:49:17,601] {local_task_job.py:264} INFO - 0 downstream tasks scheduled from follow-on schedule check
