[2021-12-01 16:49:17,847] {taskinstance.py:1035} INFO - Dependencies all met for <TaskInstance: FrequencyCount.map3 manual__2021-12-01T16:49:14.737488+00:00 [queued]>
[2021-12-01 16:49:17,857] {taskinstance.py:1035} INFO - Dependencies all met for <TaskInstance: FrequencyCount.map3 manual__2021-12-01T16:49:14.737488+00:00 [queued]>
[2021-12-01 16:49:17,857] {taskinstance.py:1241} INFO - 
--------------------------------------------------------------------------------
[2021-12-01 16:49:17,857] {taskinstance.py:1242} INFO - Starting attempt 1 of 2
[2021-12-01 16:49:17,857] {taskinstance.py:1243} INFO - 
--------------------------------------------------------------------------------
[2021-12-01 16:49:17,867] {taskinstance.py:1262} INFO - Executing <Task(MapOperator): map3> on 2021-12-01 16:49:14.737488+00:00
[2021-12-01 16:49:17,873] {standard_task_runner.py:52} INFO - Started process 165 to run task
[2021-12-01 16:49:17,875] {standard_task_runner.py:76} INFO - Running: ['***', 'tasks', 'run', 'FrequencyCount', 'map3', 'manual__2021-12-01T16:49:14.737488+00:00', '--job-id', '74', '--raw', '--subdir', 'DAGS_FOLDER/mapred.py', '--cfg-path', '/tmp/tmpzb7im_pi', '--error-file', '/tmp/tmpwc7g65eb']
[2021-12-01 16:49:17,875] {standard_task_runner.py:77} INFO - Job 74: Subtask map3
[2021-12-01 16:49:17,910] {logging_mixin.py:109} INFO - Running <TaskInstance: FrequencyCount.map3 manual__2021-12-01T16:49:14.737488+00:00 [running]> on host 1da30e33d42e
[2021-12-01 16:49:17,959] {taskinstance.py:1429} INFO - Exporting the following env vars:
AIRFLOW_CTX_DAG_OWNER=***
AIRFLOW_CTX_DAG_ID=FrequencyCount
AIRFLOW_CTX_TASK_ID=map3
AIRFLOW_CTX_EXECUTION_DATE=2021-12-01T16:49:14.737488+00:00
AIRFLOW_CTX_DAG_RUN_ID=manual__2021-12-01T16:49:14.737488+00:00
[2021-12-01 16:49:18,180] {taskinstance.py:1280} INFO - Marking task as SUCCESS. dag_id=FrequencyCount, task_id=map3, execution_date=20211201T164914, start_date=20211201T164917, end_date=20211201T164918
[2021-12-01 16:49:18,208] {local_task_job.py:154} INFO - Task exited with return code 0
[2021-12-01 16:49:18,238] {local_task_job.py:264} INFO - 1 downstream tasks scheduled from follow-on schedule check
