[2021-12-01 16:45:34,899] {taskinstance.py:1035} INFO - Dependencies all met for <TaskInstance: FrequencyCount.init manual__2021-12-01T16:45:33.951777+00:00 [queued]>
[2021-12-01 16:45:34,909] {taskinstance.py:1035} INFO - Dependencies all met for <TaskInstance: FrequencyCount.init manual__2021-12-01T16:45:33.951777+00:00 [queued]>
[2021-12-01 16:45:34,910] {taskinstance.py:1241} INFO - 
--------------------------------------------------------------------------------
[2021-12-01 16:45:34,910] {taskinstance.py:1242} INFO - Starting attempt 1 of 2
[2021-12-01 16:45:34,910] {taskinstance.py:1243} INFO - 
--------------------------------------------------------------------------------
[2021-12-01 16:45:34,921] {taskinstance.py:1262} INFO - Executing <Task(InitOperator): init> on 2021-12-01 16:45:33.951777+00:00
[2021-12-01 16:45:34,926] {standard_task_runner.py:52} INFO - Started process 83 to run task
[2021-12-01 16:45:34,928] {standard_task_runner.py:76} INFO - Running: ['***', 'tasks', 'run', 'FrequencyCount', 'init', 'manual__2021-12-01T16:45:33.951777+00:00', '--job-id', '54', '--raw', '--subdir', 'DAGS_FOLDER/mapred.py', '--cfg-path', '/tmp/tmp78wlp2kz', '--error-file', '/tmp/tmp4_v7sdi2']
[2021-12-01 16:45:34,929] {standard_task_runner.py:77} INFO - Job 54: Subtask init
[2021-12-01 16:45:34,962] {logging_mixin.py:109} INFO - Running <TaskInstance: FrequencyCount.init manual__2021-12-01T16:45:33.951777+00:00 [running]> on host 60ba21408f08
[2021-12-01 16:45:35,006] {taskinstance.py:1429} INFO - Exporting the following env vars:
AIRFLOW_CTX_DAG_OWNER=***
AIRFLOW_CTX_DAG_ID=FrequencyCount
AIRFLOW_CTX_TASK_ID=init
AIRFLOW_CTX_EXECUTION_DATE=2021-12-01T16:45:33.951777+00:00
AIRFLOW_CTX_DAG_RUN_ID=manual__2021-12-01T16:45:33.951777+00:00
[2021-12-01 16:45:35,043] {logging_mixin.py:109} INFO - 0 19335
[2021-12-01 16:45:35,647] {logging_mixin.py:109} INFO - 19335 38670
[2021-12-01 16:45:36,259] {logging_mixin.py:109} INFO - 38670 58006
[2021-12-01 16:45:37,061] {logging_mixin.py:109} INFO - Finished init
[2021-12-01 16:45:37,077] {taskinstance.py:1280} INFO - Marking task as SUCCESS. dag_id=FrequencyCount, task_id=init, execution_date=20211201T164533, start_date=20211201T164534, end_date=20211201T164537
[2021-12-01 16:45:37,106] {local_task_job.py:154} INFO - Task exited with return code 0
[2021-12-01 16:45:37,170] {local_task_job.py:264} INFO - 0 downstream tasks scheduled from follow-on schedule check
