[2021-12-01 21:54:29,598] {taskinstance.py:1035} INFO - Dependencies all met for <TaskInstance: my_sample_dag.run_this_first manual__2021-12-01T21:54:28.677643+00:00 [queued]>
[2021-12-01 21:54:29,607] {taskinstance.py:1035} INFO - Dependencies all met for <TaskInstance: my_sample_dag.run_this_first manual__2021-12-01T21:54:28.677643+00:00 [queued]>
[2021-12-01 21:54:29,608] {taskinstance.py:1241} INFO - 
--------------------------------------------------------------------------------
[2021-12-01 21:54:29,608] {taskinstance.py:1242} INFO - Starting attempt 1 of 1
[2021-12-01 21:54:29,608] {taskinstance.py:1243} INFO - 
--------------------------------------------------------------------------------
[2021-12-01 21:54:29,619] {taskinstance.py:1262} INFO - Executing <Task(PythonOperator): run_this_first> on 2021-12-01 21:54:28.677643+00:00
[2021-12-01 21:54:29,625] {standard_task_runner.py:52} INFO - Started process 99 to run task
[2021-12-01 21:54:29,628] {standard_task_runner.py:76} INFO - Running: ['***', 'tasks', 'run', 'my_sample_dag', 'run_this_first', 'manual__2021-12-01T21:54:28.677643+00:00', '--job-id', '86', '--raw', '--subdir', 'DAGS_FOLDER/test_dag.py', '--cfg-path', '/tmp/tmp1wrx6mcx', '--error-file', '/tmp/tmpfod99xxx']
[2021-12-01 21:54:29,628] {standard_task_runner.py:77} INFO - Job 86: Subtask run_this_first
[2021-12-01 21:54:29,661] {logging_mixin.py:109} INFO - Running <TaskInstance: my_sample_dag.run_this_first manual__2021-12-01T21:54:28.677643+00:00 [running]> on host 2227579f6dd3
[2021-12-01 21:54:29,709] {taskinstance.py:1429} INFO - Exporting the following env vars:
AIRFLOW_CTX_DAG_OWNER=pipis
AIRFLOW_CTX_DAG_ID=my_sample_dag
AIRFLOW_CTX_TASK_ID=run_this_first
AIRFLOW_CTX_EXECUTION_DATE=2021-12-01T21:54:28.677643+00:00
AIRFLOW_CTX_DAG_RUN_ID=manual__2021-12-01T21:54:28.677643+00:00
[2021-12-01 21:54:29,710] {logging_mixin.py:109} INFO - I am coming first
[2021-12-01 21:54:29,710] {python.py:152} INFO - Done. Returned value was: None
[2021-12-01 21:54:29,721] {taskinstance.py:1280} INFO - Marking task as SUCCESS. dag_id=my_sample_dag, task_id=run_this_first, execution_date=20211201T215428, start_date=20211201T215429, end_date=20211201T215429
[2021-12-01 21:54:29,760] {local_task_job.py:154} INFO - Task exited with return code 0
[2021-12-01 21:54:29,805] {local_task_job.py:264} INFO - 1 downstream tasks scheduled from follow-on schedule check
